0 info it worked if it ends with ok
1 verbose cli [ '/home/tao/.nvm/versions/node/v6.2.2/bin/node',
1 verbose cli   '/home/tao/.nvm/versions/node/v6.2.2/bin/npm',
1 verbose cli   'start' ]
2 info using npm@3.9.5
3 info using node@v6.2.2
4 verbose run-script [ 'prestart', 'start', 'poststart' ]
5 info lifecycle tutorial@1.0.0~prestart: tutorial@1.0.0
6 silly lifecycle tutorial@1.0.0~prestart: no script for prestart, continuing
7 info lifecycle tutorial@1.0.0~start: tutorial@1.0.0
8 verbose lifecycle tutorial@1.0.0~start: unsafe-perm in lifecycle true
9 verbose lifecycle tutorial@1.0.0~start: PATH: /home/tao/.nvm/versions/node/v6.2.2/lib/node_modules/npm/bin/node-gyp-bin:/home/tao/digitalCity/digicity/020-react-router/react-router-tutorial/lessons/11-productionish-server/node_modules/.bin:/home/tao/.nvm/versions/node/v6.2.2/bin:/home/tao/.nvm/versions/node/v6.2.2/bin:/home/tao/bin:/usr/local/bin:/usr/bin:/bin:/usr/local/games:/usr/games
10 verbose lifecycle tutorial@1.0.0~start: CWD: /home/tao/digitalCity/digicity/020-react-router/react-router-tutorial/lessons/11-productionish-server
11 silly lifecycle tutorial@1.0.0~start: Args: [ '-c',
11 silly lifecycle   'webpack-dev-server --inline --content-base . --history-api-fallback' ]
12 info lifecycle tutorial@1.0.0~start: Failed to exec start script
13 verbose stack Error: tutorial@1.0.0 start: `webpack-dev-server --inline --content-base . --history-api-fallback`
13 verbose stack spawn ENOENT
13 verbose stack     at ChildProcess.<anonymous> (/home/tao/.nvm/versions/node/v6.2.2/lib/node_modules/npm/lib/utils/spawn.js:17:16)
13 verbose stack     at emitTwo (events.js:106:13)
13 verbose stack     at ChildProcess.emit (events.js:191:7)
13 verbose stack     at maybeClose (internal/child_process.js:852:16)
13 verbose stack     at Process.ChildProcess._handle.onexit (internal/child_process.js:215:5)
14 verbose pkgid tutorial@1.0.0
15 verbose cwd /home/tao/digitalCity/digicity/020-react-router/react-router-tutorial/lessons/11-productionish-server
16 error Linux 4.4.0-2-deepin-amd64
17 error argv "/home/tao/.nvm/versions/node/v6.2.2/bin/node" "/home/tao/.nvm/versions/node/v6.2.2/bin/npm" "start"
18 error node v6.2.2
19 error npm  v3.9.5
20 error file sh
21 error code ELIFECYCLE
22 error errno ENOENT
23 error syscall spawn
24 error tutorial@1.0.0 start: `webpack-dev-server --inline --content-base . --history-api-fallback`
24 error spawn ENOENT
25 error Failed at the tutorial@1.0.0 start script 'webpack-dev-server --inline --content-base . --history-api-fallback'.
25 error Make sure you have the latest version of node.js and npm installed.
25 error If you do, this is most likely a problem with the tutorial package,
25 error not with npm itself.
25 error Tell the author that this fails on your system:
25 error     webpack-dev-server --inline --content-base . --history-api-fallback
25 error You can get information on how to open an issue for this project with:
25 error     npm bugs tutorial
25 error Or if that isn't available, you can get their info via:
25 error     npm owner ls tutorial
25 error There is likely additional logging output above.
26 verbose exit [ 1, true ]
